c:\projects\connectome\debug\connectome.lib
c:\projects\connectome\debug\connectome.exp
c:\projects\connectome\connectome\debug\activation_functions.obj
c:\projects\connectome\connectome\debug\backpropagation.obj
c:\projects\connectome\connectome\debug\connectome.obj
c:\projects\connectome\connectome\debug\vc141.pdb
c:\projects\connectome\connectome\debug\interface.obj
c:\projects\connectome\connectome\debug\interface_windows.obj
c:\projects\connectome\connectome\debug\interface_erlang.obj
c:\users\gustavo\appdata\local\temp\lnk{d94ea1b7-4896-4263-a322-442797618aab}.tmp
c:\projects\connectome\debug\connectome.ilk
c:\projects\connectome\debug\connectome.dll
c:\projects\connectome\debug\connectome.pdb
c:\projects\connectome\connectome\debug\connectome.tlog\connectome.write.1u.tlog
c:\projects\connectome\connectome\debug\connectome.tlog\icl-mcpcom.read.1.tlog
c:\projects\connectome\connectome\debug\connectome.tlog\icl-mcpcom.write.1.tlog
c:\projects\connectome\connectome\debug\connectome.tlog\icl.command.1.tlog
c:\projects\connectome\connectome\debug\connectome.tlog\icl.read.1.tlog
c:\projects\connectome\connectome\debug\connectome.tlog\icl.write.1.tlog
c:\projects\connectome\connectome\debug\connectome.tlog\xilink-link-cvtres.read.1.tlog
c:\projects\connectome\connectome\debug\connectome.tlog\xilink-link-cvtres.write.1.tlog
c:\projects\connectome\connectome\debug\connectome.tlog\xilink-link-rc.read.1.tlog
c:\projects\connectome\connectome\debug\connectome.tlog\xilink-link-rc.write.1.tlog
c:\projects\connectome\connectome\debug\connectome.tlog\xilink-link.read.1.tlog
c:\projects\connectome\connectome\debug\connectome.tlog\xilink-link.read.2.tlog
c:\projects\connectome\connectome\debug\connectome.tlog\xilink-link.write.1.tlog
c:\projects\connectome\connectome\debug\connectome.tlog\xilink-mcpcom.read.1.tlog
c:\projects\connectome\connectome\debug\connectome.tlog\xilink-mcpcom.write.1.tlog
c:\projects\connectome\connectome\debug\connectome.tlog\xilink.command.1.tlog
c:\projects\connectome\connectome\debug\connectome.tlog\xilink.read.1.tlog
c:\projects\connectome\connectome\debug\connectome.tlog\xilink.write.1.tlog
